生成启动时间为 2017/12/26 20:47:38。
     1>项目“E:\工区作\代码\scripting\ZombieRiot\源码包\源码包\模块代码\zombieriot\zombieriot\zombieriot.vcxproj”在节点 2 上(Build 个目标)。
     1>ClCompile:
         E:\Microsoft Visual Studio\VC\bin\CL.exe /c /I..\common /I..\engine /I..\pm_shared /Isdk /Zi /nologo /W3 /WX- /O1 /Ob1 /Oy- /D _WINDLL /Gm- /EHsc /MD /GS /fp:precise /Zc:wchar_t /Zc:forScope /Fo".\release\\" /Fd".\release\vc110.pdb" /Gd /TP /wd4244 /wd4819 /wd4996 /analyze- /errorReport:prompt amxxmodule.cpp animating.cpp animation.cpp Detours\detours.cpp Detours\disasm.cpp dllapi.cpp engfuncs.cpp functions.cpp gamerules.cpp metahook.cpp Detours\modules.cpp utils.cpp
         amxxmodule.cpp
         animating.cpp
         animation.cpp
         detours.cpp
         disasm.cpp
         dllapi.cpp
         engfuncs.cpp
         functions.cpp
         gamerules.cpp
         metahook.cpp
         modules.cpp
         utils.cpp
         正在生成代码...
     1>C:\Program Files (x86)\MSBuild\Microsoft.Cpp\v4.0\V110\Microsoft.CppBuild.targets(1137,5): warning MSB8012: TargetPath(E:\工区作\代码\scripting\ZombieRiot\源码包\源码包\模块代码\zombieriot\zombieriot\.\release\zombieriot.dll) does not match the Linker's OutputFile property value (E:\工区作\代码\scripting\ZombieRiot\源码包\源码包\模块代码\zombieriot\zombieriot\release\zombieriot_amxx.dll). This may cause your project to build incorrectly. To correct this, please make sure that $(OutDir), $(TargetName) and $(TargetExt) property values match the value specified in %(Link.OutputFile).
     1>C:\Program Files (x86)\MSBuild\Microsoft.Cpp\v4.0\V110\Microsoft.CppBuild.targets(1139,5): warning MSB8012: TargetName(zombieriot) does not match the Linker's OutputFile property value (zombieriot_amxx). This may cause your project to build incorrectly. To correct this, please make sure that $(OutDir), $(TargetName) and $(TargetExt) property values match the value specified in %(Link.OutputFile).
       Link:
         E:\Microsoft Visual Studio\VC\bin\link.exe /ERRORREPORT:PROMPT /OUT:"release\zombieriot_amxx.dll" /NOLOGO kernel32.lib user32.lib gdi32.lib winspool.lib comdlg32.lib advapi32.lib shell32.lib ole32.lib oleaut32.lib uuid.lib odbc32.lib odbccp32.lib /MANIFEST /MANIFESTUAC:"level='asInvoker' uiAccess='false'" /manifest:embed /PDB:".\release\zombieriot.pdb" /TLBID:1 /DYNAMICBASE /NXCOMPAT /IMPLIB:".\release\zombieriot.lib" /MACHINE:X86 /SAFESEH /DLL .\release\amxxmodule.obj
         .\release\animating.obj
         .\release\animation.obj
         .\release\detours.obj
         .\release\disasm.obj
         .\release\dllapi.obj
         .\release\engfuncs.obj
         .\release\functions.obj
         .\release\gamerules.obj
         .\release\metahook.obj
         .\release\modules.obj
         .\release\utils.obj
            正在创建库 .\release\zombieriot.lib 和对象 .\release\zombieriot.exp
         zombieriot.vcxproj -> E:\工区作\代码\scripting\ZombieRiot\源码包\源码包\模块代码\zombieriot\zombieriot\.\release\zombieriot.dll
     1>已完成生成项目“E:\工区作\代码\scripting\ZombieRiot\源码包\源码包\模块代码\zombieriot\zombieriot\zombieriot.vcxproj”(Build 个目标)的操作。

生成成功。

已用时间 00:00:07.80
